<?xml version="1.0" encoding="UTF-8"?>
<testsuite xmlns:xsi="http://www.w3.org/2001/XMLSchema-instance" xsi:noNamespaceSchemaLocation="https://maven.apache.org/surefire/maven-surefire-plugin/xsd/surefire-test-report.xsd" name="com.liveintent.weather.weatherservice.WeatherserviceApplicationTests" time="17.874" tests="3" errors="1" skipped="0" failures="1">
  <properties>
    <property name="java.specification.version" value="21"/>
    <property name="sun.jnu.encoding" value="UTF-8"/>
    <property name="java.class.path" value="/Users/harrisonpaup/Documents/workspace/weather-project/weatherservice/target/test-classes:/Users/harrisonpaup/Documents/workspace/weather-project/weatherservice/target/classes:/Users/harrisonpaup/.m2/repository/org/springframework/boot/spring-boot-starter-web/3.0.12/spring-boot-starter-web-3.0.12.jar:/Users/harrisonpaup/.m2/repository/org/springframework/boot/spring-boot-starter/3.0.12/spring-boot-starter-3.0.12.jar:/Users/harrisonpaup/.m2/repository/org/springframework/boot/spring-boot-starter-logging/3.0.12/spring-boot-starter-logging-3.0.12.jar:/Users/harrisonpaup/.m2/repository/ch/qos/logback/logback-classic/1.4.11/logback-classic-1.4.11.jar:/Users/harrisonpaup/.m2/repository/ch/qos/logback/logback-core/1.4.11/logback-core-1.4.11.jar:/Users/harrisonpaup/.m2/repository/org/apache/logging/log4j/log4j-to-slf4j/2.19.0/log4j-to-slf4j-2.19.0.jar:/Users/harrisonpaup/.m2/repository/org/apache/logging/log4j/log4j-api/2.19.0/log4j-api-2.19.0.jar:/Users/harrisonpaup/.m2/repository/org/slf4j/jul-to-slf4j/2.0.9/jul-to-slf4j-2.0.9.jar:/Users/harrisonpaup/.m2/repository/jakarta/annotation/jakarta.annotation-api/2.1.1/jakarta.annotation-api-2.1.1.jar:/Users/harrisonpaup/.m2/repository/org/yaml/snakeyaml/1.33/snakeyaml-1.33.jar:/Users/harrisonpaup/.m2/repository/org/springframework/boot/spring-boot-starter-json/3.0.12/spring-boot-starter-json-3.0.12.jar:/Users/harrisonpaup/.m2/repository/com/fasterxml/jackson/datatype/jackson-datatype-jdk8/2.14.3/jackson-datatype-jdk8-2.14.3.jar:/Users/harrisonpaup/.m2/repository/com/fasterxml/jackson/datatype/jackson-datatype-jsr310/2.14.3/jackson-datatype-jsr310-2.14.3.jar:/Users/harrisonpaup/.m2/repository/com/fasterxml/jackson/module/jackson-module-parameter-names/2.14.3/jackson-module-parameter-names-2.14.3.jar:/Users/harrisonpaup/.m2/repository/org/springframework/boot/spring-boot-starter-tomcat/3.0.12/spring-boot-starter-tomcat-3.0.12.jar:/Users/harrisonpaup/.m2/repository/org/apache/tomcat/embed/tomcat-embed-core/10.1.15/tomcat-embed-core-10.1.15.jar:/Users/harrisonpaup/.m2/repository/org/apache/tomcat/embed/tomcat-embed-websocket/10.1.15/tomcat-embed-websocket-10.1.15.jar:/Users/harrisonpaup/.m2/repository/org/springframework/spring-web/6.0.13/spring-web-6.0.13.jar:/Users/harrisonpaup/.m2/repository/org/springframework/spring-beans/6.0.13/spring-beans-6.0.13.jar:/Users/harrisonpaup/.m2/repository/io/micrometer/micrometer-observation/1.10.12/micrometer-observation-1.10.12.jar:/Users/harrisonpaup/.m2/repository/io/micrometer/micrometer-commons/1.10.12/micrometer-commons-1.10.12.jar:/Users/harrisonpaup/.m2/repository/org/springframework/spring-webmvc/6.0.13/spring-webmvc-6.0.13.jar:/Users/harrisonpaup/.m2/repository/org/springframework/spring-aop/6.0.13/spring-aop-6.0.13.jar:/Users/harrisonpaup/.m2/repository/org/springframework/spring-context/6.0.13/spring-context-6.0.13.jar:/Users/harrisonpaup/.m2/repository/org/springframework/spring-expression/6.0.13/spring-expression-6.0.13.jar:/Users/harrisonpaup/.m2/repository/org/springframework/boot/spring-boot-starter-validation/3.0.12/spring-boot-starter-validation-3.0.12.jar:/Users/harrisonpaup/.m2/repository/org/apache/tomcat/embed/tomcat-embed-el/10.1.15/tomcat-embed-el-10.1.15.jar:/Users/harrisonpaup/.m2/repository/org/hibernate/validator/hibernate-validator/8.0.1.Final/hibernate-validator-8.0.1.Final.jar:/Users/harrisonpaup/.m2/repository/jakarta/validation/jakarta.validation-api/3.0.2/jakarta.validation-api-3.0.2.jar:/Users/harrisonpaup/.m2/repository/org/jboss/logging/jboss-logging/3.5.3.Final/jboss-logging-3.5.3.Final.jar:/Users/harrisonpaup/.m2/repository/com/fasterxml/classmate/1.5.1/classmate-1.5.1.jar:/Users/harrisonpaup/.m2/repository/com/h2database/h2/2.1.214/h2-2.1.214.jar:/Users/harrisonpaup/.m2/repository/org/projectlombok/lombok/1.18.30/lombok-1.18.30.jar:/Users/harrisonpaup/.m2/repository/org/springframework/boot/spring-boot-starter-test/3.0.12/spring-boot-starter-test-3.0.12.jar:/Users/harrisonpaup/.m2/repository/org/springframework/boot/spring-boot-test/3.0.12/spring-boot-test-3.0.12.jar:/Users/harrisonpaup/.m2/repository/org/springframework/boot/spring-boot-test-autoconfigure/3.0.12/spring-boot-test-autoconfigure-3.0.12.jar:/Users/harrisonpaup/.m2/repository/com/jayway/jsonpath/json-path/2.7.0/json-path-2.7.0.jar:/Users/harrisonpaup/.m2/repository/net/minidev/json-smart/2.4.11/json-smart-2.4.11.jar:/Users/harrisonpaup/.m2/repository/net/minidev/accessors-smart/2.4.11/accessors-smart-2.4.11.jar:/Users/harrisonpaup/.m2/repository/org/ow2/asm/asm/9.3/asm-9.3.jar:/Users/harrisonpaup/.m2/repository/jakarta/xml/bind/jakarta.xml.bind-api/4.0.1/jakarta.xml.bind-api-4.0.1.jar:/Users/harrisonpaup/.m2/repository/jakarta/activation/jakarta.activation-api/2.1.2/jakarta.activation-api-2.1.2.jar:/Users/harrisonpaup/.m2/repository/org/assertj/assertj-core/3.23.1/assertj-core-3.23.1.jar:/Users/harrisonpaup/.m2/repository/net/bytebuddy/byte-buddy/1.12.23/byte-buddy-1.12.23.jar:/Users/harrisonpaup/.m2/repository/org/hamcrest/hamcrest/2.2/hamcrest-2.2.jar:/Users/harrisonpaup/.m2/repository/org/junit/jupiter/junit-jupiter/5.9.3/junit-jupiter-5.9.3.jar:/Users/harrisonpaup/.m2/repository/org/junit/jupiter/junit-jupiter-api/5.9.3/junit-jupiter-api-5.9.3.jar:/Users/harrisonpaup/.m2/repository/org/opentest4j/opentest4j/1.2.0/opentest4j-1.2.0.jar:/Users/harrisonpaup/.m2/repository/org/junit/platform/junit-platform-commons/1.9.3/junit-platform-commons-1.9.3.jar:/Users/harrisonpaup/.m2/repository/org/apiguardian/apiguardian-api/1.1.2/apiguardian-api-1.1.2.jar:/Users/harrisonpaup/.m2/repository/org/junit/jupiter/junit-jupiter-params/5.9.3/junit-jupiter-params-5.9.3.jar:/Users/harrisonpaup/.m2/repository/org/junit/jupiter/junit-jupiter-engine/5.9.3/junit-jupiter-engine-5.9.3.jar:/Users/harrisonpaup/.m2/repository/org/junit/platform/junit-platform-engine/1.9.3/junit-platform-engine-1.9.3.jar:/Users/harrisonpaup/.m2/repository/org/mockito/mockito-core/4.8.1/mockito-core-4.8.1.jar:/Users/harrisonpaup/.m2/repository/net/bytebuddy/byte-buddy-agent/1.12.23/byte-buddy-agent-1.12.23.jar:/Users/harrisonpaup/.m2/repository/org/objenesis/objenesis/3.2/objenesis-3.2.jar:/Users/harrisonpaup/.m2/repository/org/mockito/mockito-junit-jupiter/4.8.1/mockito-junit-jupiter-4.8.1.jar:/Users/harrisonpaup/.m2/repository/org/skyscreamer/jsonassert/1.5.1/jsonassert-1.5.1.jar:/Users/harrisonpaup/.m2/repository/com/vaadin/external/google/android-json/0.0.20131108.vaadin1/android-json-0.0.20131108.vaadin1.jar:/Users/harrisonpaup/.m2/repository/org/springframework/spring-core/6.0.13/spring-core-6.0.13.jar:/Users/harrisonpaup/.m2/repository/org/springframework/spring-jcl/6.0.13/spring-jcl-6.0.13.jar:/Users/harrisonpaup/.m2/repository/org/springframework/spring-test/6.0.13/spring-test-6.0.13.jar:/Users/harrisonpaup/.m2/repository/org/xmlunit/xmlunit-core/2.9.1/xmlunit-core-2.9.1.jar:/Users/harrisonpaup/.m2/repository/org/springframework/boot/spring-boot-starter-data-jpa/3.1.5/spring-boot-starter-data-jpa-3.1.5.jar:/Users/harrisonpaup/.m2/repository/org/springframework/boot/spring-boot-starter-aop/3.0.12/spring-boot-starter-aop-3.0.12.jar:/Users/harrisonpaup/.m2/repository/org/aspectj/aspectjweaver/1.9.20/aspectjweaver-1.9.20.jar:/Users/harrisonpaup/.m2/repository/org/springframework/boot/spring-boot-starter-jdbc/3.0.12/spring-boot-starter-jdbc-3.0.12.jar:/Users/harrisonpaup/.m2/repository/com/zaxxer/HikariCP/5.0.1/HikariCP-5.0.1.jar:/Users/harrisonpaup/.m2/repository/org/springframework/spring-jdbc/6.0.13/spring-jdbc-6.0.13.jar:/Users/harrisonpaup/.m2/repository/org/hibernate/orm/hibernate-core/6.1.7.Final/hibernate-core-6.1.7.Final.jar:/Users/harrisonpaup/.m2/repository/jakarta/persistence/jakarta.persistence-api/3.1.0/jakarta.persistence-api-3.1.0.jar:/Users/harrisonpaup/.m2/repository/jakarta/transaction/jakarta.transaction-api/2.0.1/jakarta.transaction-api-2.0.1.jar:/Users/harrisonpaup/.m2/repository/org/hibernate/common/hibernate-commons-annotations/6.0.6.Final/hibernate-commons-annotations-6.0.6.Final.jar:/Users/harrisonpaup/.m2/repository/org/jboss/jandex/2.4.2.Final/jandex-2.4.2.Final.jar:/Users/harrisonpaup/.m2/repository/org/glassfish/jaxb/jaxb-runtime/4.0.3/jaxb-runtime-4.0.3.jar:/Users/harrisonpaup/.m2/repository/org/glassfish/jaxb/jaxb-core/4.0.3/jaxb-core-4.0.3.jar:/Users/harrisonpaup/.m2/repository/org/eclipse/angus/angus-activation/2.0.1/angus-activation-2.0.1.jar:/Users/harrisonpaup/.m2/repository/org/glassfish/jaxb/txw2/4.0.3/txw2-4.0.3.jar:/Users/harrisonpaup/.m2/repository/com/sun/istack/istack-commons-runtime/4.1.2/istack-commons-runtime-4.1.2.jar:/Users/harrisonpaup/.m2/repository/jakarta/inject/jakarta.inject-api/2.0.0/jakarta.inject-api-2.0.0.jar:/Users/harrisonpaup/.m2/repository/org/antlr/antlr4-runtime/4.10.1/antlr4-runtime-4.10.1.jar:/Users/harrisonpaup/.m2/repository/org/springframework/data/spring-data-jpa/3.0.11/spring-data-jpa-3.0.11.jar:/Users/harrisonpaup/.m2/repository/org/springframework/data/spring-data-commons/3.0.11/spring-data-commons-3.0.11.jar:/Users/harrisonpaup/.m2/repository/org/springframework/spring-orm/6.0.13/spring-orm-6.0.13.jar:/Users/harrisonpaup/.m2/repository/org/springframework/spring-tx/6.0.13/spring-tx-6.0.13.jar:/Users/harrisonpaup/.m2/repository/org/springframework/spring-aspects/6.0.13/spring-aspects-6.0.13.jar:/Users/harrisonpaup/.m2/repository/com/googlecode/json-simple/json-simple/1.1.1/json-simple-1.1.1.jar:/Users/harrisonpaup/.m2/repository/junit/junit/4.13.2/junit-4.13.2.jar:/Users/harrisonpaup/.m2/repository/org/hamcrest/hamcrest-core/2.2/hamcrest-core-2.2.jar:/Users/harrisonpaup/.m2/repository/org/springframework/boot/spring-boot-autoconfigure/3.0.12/spring-boot-autoconfigure-3.0.12.jar:/Users/harrisonpaup/.m2/repository/org/springframework/boot/spring-boot/3.0.12/spring-boot-3.0.12.jar:/Users/harrisonpaup/.m2/repository/org/apache/httpcomponents/httpcore/4.4.16/httpcore-4.4.16.jar:/Users/harrisonpaup/.m2/repository/com/networknt/json-schema-validator/1.0.82/json-schema-validator-1.0.82.jar:/Users/harrisonpaup/.m2/repository/com/ethlo/time/itu/1.7.0/itu-1.7.0.jar:/Users/harrisonpaup/.m2/repository/com/fasterxml/jackson/core/jackson-databind/2.14.3/jackson-databind-2.14.3.jar:/Users/harrisonpaup/.m2/repository/com/fasterxml/jackson/core/jackson-annotations/2.14.3/jackson-annotations-2.14.3.jar:/Users/harrisonpaup/.m2/repository/com/fasterxml/jackson/core/jackson-core/2.14.3/jackson-core-2.14.3.jar:/Users/harrisonpaup/.m2/repository/com/fasterxml/jackson/dataformat/jackson-dataformat-yaml/2.14.3/jackson-dataformat-yaml-2.14.3.jar:/Users/harrisonpaup/.m2/repository/org/slf4j/slf4j-api/2.0.9/slf4j-api-2.0.9.jar:"/>
    <property name="java.vm.vendor" value="Oracle Corporation"/>
    <property name="sun.arch.data.model" value="64"/>
    <property name="java.vendor.url" value="https://java.oracle.com/"/>
    <property name="os.name" value="Mac OS X"/>
    <property name="java.vm.specification.version" value="21"/>
    <property name="sun.java.launcher" value="SUN_STANDARD"/>
    <property name="user.country" value="US"/>
    <property name="sun.boot.library.path" value="/Users/harrisonpaup/Library/Java/JavaVirtualMachines/openjdk-21.0.1/Contents/Home/lib"/>
    <property name="sun.java.command" value="/Users/harrisonpaup/Documents/workspace/weather-project/weatherservice/target/surefire/surefirebooter13267208156703170861.jar /Users/harrisonpaup/Documents/workspace/weather-project/weatherservice/target/surefire 2023-11-18T12-16-21_069-jvmRun1 surefire7076841657957999469tmp surefire_04588304053478839136tmp"/>
    <property name="http.nonProxyHosts" value="local|*.local|169.254/16|*.169.254/16"/>
    <property name="jdk.debug" value="release"/>
    <property name="surefire.test.class.path" value="/Users/harrisonpaup/Documents/workspace/weather-project/weatherservice/target/test-classes:/Users/harrisonpaup/Documents/workspace/weather-project/weatherservice/target/classes:/Users/harrisonpaup/.m2/repository/org/springframework/boot/spring-boot-starter-web/3.0.12/spring-boot-starter-web-3.0.12.jar:/Users/harrisonpaup/.m2/repository/org/springframework/boot/spring-boot-starter/3.0.12/spring-boot-starter-3.0.12.jar:/Users/harrisonpaup/.m2/repository/org/springframework/boot/spring-boot-starter-logging/3.0.12/spring-boot-starter-logging-3.0.12.jar:/Users/harrisonpaup/.m2/repository/ch/qos/logback/logback-classic/1.4.11/logback-classic-1.4.11.jar:/Users/harrisonpaup/.m2/repository/ch/qos/logback/logback-core/1.4.11/logback-core-1.4.11.jar:/Users/harrisonpaup/.m2/repository/org/apache/logging/log4j/log4j-to-slf4j/2.19.0/log4j-to-slf4j-2.19.0.jar:/Users/harrisonpaup/.m2/repository/org/apache/logging/log4j/log4j-api/2.19.0/log4j-api-2.19.0.jar:/Users/harrisonpaup/.m2/repository/org/slf4j/jul-to-slf4j/2.0.9/jul-to-slf4j-2.0.9.jar:/Users/harrisonpaup/.m2/repository/jakarta/annotation/jakarta.annotation-api/2.1.1/jakarta.annotation-api-2.1.1.jar:/Users/harrisonpaup/.m2/repository/org/yaml/snakeyaml/1.33/snakeyaml-1.33.jar:/Users/harrisonpaup/.m2/repository/org/springframework/boot/spring-boot-starter-json/3.0.12/spring-boot-starter-json-3.0.12.jar:/Users/harrisonpaup/.m2/repository/com/fasterxml/jackson/datatype/jackson-datatype-jdk8/2.14.3/jackson-datatype-jdk8-2.14.3.jar:/Users/harrisonpaup/.m2/repository/com/fasterxml/jackson/datatype/jackson-datatype-jsr310/2.14.3/jackson-datatype-jsr310-2.14.3.jar:/Users/harrisonpaup/.m2/repository/com/fasterxml/jackson/module/jackson-module-parameter-names/2.14.3/jackson-module-parameter-names-2.14.3.jar:/Users/harrisonpaup/.m2/repository/org/springframework/boot/spring-boot-starter-tomcat/3.0.12/spring-boot-starter-tomcat-3.0.12.jar:/Users/harrisonpaup/.m2/repository/org/apache/tomcat/embed/tomcat-embed-core/10.1.15/tomcat-embed-core-10.1.15.jar:/Users/harrisonpaup/.m2/repository/org/apache/tomcat/embed/tomcat-embed-websocket/10.1.15/tomcat-embed-websocket-10.1.15.jar:/Users/harrisonpaup/.m2/repository/org/springframework/spring-web/6.0.13/spring-web-6.0.13.jar:/Users/harrisonpaup/.m2/repository/org/springframework/spring-beans/6.0.13/spring-beans-6.0.13.jar:/Users/harrisonpaup/.m2/repository/io/micrometer/micrometer-observation/1.10.12/micrometer-observation-1.10.12.jar:/Users/harrisonpaup/.m2/repository/io/micrometer/micrometer-commons/1.10.12/micrometer-commons-1.10.12.jar:/Users/harrisonpaup/.m2/repository/org/springframework/spring-webmvc/6.0.13/spring-webmvc-6.0.13.jar:/Users/harrisonpaup/.m2/repository/org/springframework/spring-aop/6.0.13/spring-aop-6.0.13.jar:/Users/harrisonpaup/.m2/repository/org/springframework/spring-context/6.0.13/spring-context-6.0.13.jar:/Users/harrisonpaup/.m2/repository/org/springframework/spring-expression/6.0.13/spring-expression-6.0.13.jar:/Users/harrisonpaup/.m2/repository/org/springframework/boot/spring-boot-starter-validation/3.0.12/spring-boot-starter-validation-3.0.12.jar:/Users/harrisonpaup/.m2/repository/org/apache/tomcat/embed/tomcat-embed-el/10.1.15/tomcat-embed-el-10.1.15.jar:/Users/harrisonpaup/.m2/repository/org/hibernate/validator/hibernate-validator/8.0.1.Final/hibernate-validator-8.0.1.Final.jar:/Users/harrisonpaup/.m2/repository/jakarta/validation/jakarta.validation-api/3.0.2/jakarta.validation-api-3.0.2.jar:/Users/harrisonpaup/.m2/repository/org/jboss/logging/jboss-logging/3.5.3.Final/jboss-logging-3.5.3.Final.jar:/Users/harrisonpaup/.m2/repository/com/fasterxml/classmate/1.5.1/classmate-1.5.1.jar:/Users/harrisonpaup/.m2/repository/com/h2database/h2/2.1.214/h2-2.1.214.jar:/Users/harrisonpaup/.m2/repository/org/projectlombok/lombok/1.18.30/lombok-1.18.30.jar:/Users/harrisonpaup/.m2/repository/org/springframework/boot/spring-boot-starter-test/3.0.12/spring-boot-starter-test-3.0.12.jar:/Users/harrisonpaup/.m2/repository/org/springframework/boot/spring-boot-test/3.0.12/spring-boot-test-3.0.12.jar:/Users/harrisonpaup/.m2/repository/org/springframework/boot/spring-boot-test-autoconfigure/3.0.12/spring-boot-test-autoconfigure-3.0.12.jar:/Users/harrisonpaup/.m2/repository/com/jayway/jsonpath/json-path/2.7.0/json-path-2.7.0.jar:/Users/harrisonpaup/.m2/repository/net/minidev/json-smart/2.4.11/json-smart-2.4.11.jar:/Users/harrisonpaup/.m2/repository/net/minidev/accessors-smart/2.4.11/accessors-smart-2.4.11.jar:/Users/harrisonpaup/.m2/repository/org/ow2/asm/asm/9.3/asm-9.3.jar:/Users/harrisonpaup/.m2/repository/jakarta/xml/bind/jakarta.xml.bind-api/4.0.1/jakarta.xml.bind-api-4.0.1.jar:/Users/harrisonpaup/.m2/repository/jakarta/activation/jakarta.activation-api/2.1.2/jakarta.activation-api-2.1.2.jar:/Users/harrisonpaup/.m2/repository/org/assertj/assertj-core/3.23.1/assertj-core-3.23.1.jar:/Users/harrisonpaup/.m2/repository/net/bytebuddy/byte-buddy/1.12.23/byte-buddy-1.12.23.jar:/Users/harrisonpaup/.m2/repository/org/hamcrest/hamcrest/2.2/hamcrest-2.2.jar:/Users/harrisonpaup/.m2/repository/org/junit/jupiter/junit-jupiter/5.9.3/junit-jupiter-5.9.3.jar:/Users/harrisonpaup/.m2/repository/org/junit/jupiter/junit-jupiter-api/5.9.3/junit-jupiter-api-5.9.3.jar:/Users/harrisonpaup/.m2/repository/org/opentest4j/opentest4j/1.2.0/opentest4j-1.2.0.jar:/Users/harrisonpaup/.m2/repository/org/junit/platform/junit-platform-commons/1.9.3/junit-platform-commons-1.9.3.jar:/Users/harrisonpaup/.m2/repository/org/apiguardian/apiguardian-api/1.1.2/apiguardian-api-1.1.2.jar:/Users/harrisonpaup/.m2/repository/org/junit/jupiter/junit-jupiter-params/5.9.3/junit-jupiter-params-5.9.3.jar:/Users/harrisonpaup/.m2/repository/org/junit/jupiter/junit-jupiter-engine/5.9.3/junit-jupiter-engine-5.9.3.jar:/Users/harrisonpaup/.m2/repository/org/junit/platform/junit-platform-engine/1.9.3/junit-platform-engine-1.9.3.jar:/Users/harrisonpaup/.m2/repository/org/mockito/mockito-core/4.8.1/mockito-core-4.8.1.jar:/Users/harrisonpaup/.m2/repository/net/bytebuddy/byte-buddy-agent/1.12.23/byte-buddy-agent-1.12.23.jar:/Users/harrisonpaup/.m2/repository/org/objenesis/objenesis/3.2/objenesis-3.2.jar:/Users/harrisonpaup/.m2/repository/org/mockito/mockito-junit-jupiter/4.8.1/mockito-junit-jupiter-4.8.1.jar:/Users/harrisonpaup/.m2/repository/org/skyscreamer/jsonassert/1.5.1/jsonassert-1.5.1.jar:/Users/harrisonpaup/.m2/repository/com/vaadin/external/google/android-json/0.0.20131108.vaadin1/android-json-0.0.20131108.vaadin1.jar:/Users/harrisonpaup/.m2/repository/org/springframework/spring-core/6.0.13/spring-core-6.0.13.jar:/Users/harrisonpaup/.m2/repository/org/springframework/spring-jcl/6.0.13/spring-jcl-6.0.13.jar:/Users/harrisonpaup/.m2/repository/org/springframework/spring-test/6.0.13/spring-test-6.0.13.jar:/Users/harrisonpaup/.m2/repository/org/xmlunit/xmlunit-core/2.9.1/xmlunit-core-2.9.1.jar:/Users/harrisonpaup/.m2/repository/org/springframework/boot/spring-boot-starter-data-jpa/3.1.5/spring-boot-starter-data-jpa-3.1.5.jar:/Users/harrisonpaup/.m2/repository/org/springframework/boot/spring-boot-starter-aop/3.0.12/spring-boot-starter-aop-3.0.12.jar:/Users/harrisonpaup/.m2/repository/org/aspectj/aspectjweaver/1.9.20/aspectjweaver-1.9.20.jar:/Users/harrisonpaup/.m2/repository/org/springframework/boot/spring-boot-starter-jdbc/3.0.12/spring-boot-starter-jdbc-3.0.12.jar:/Users/harrisonpaup/.m2/repository/com/zaxxer/HikariCP/5.0.1/HikariCP-5.0.1.jar:/Users/harrisonpaup/.m2/repository/org/springframework/spring-jdbc/6.0.13/spring-jdbc-6.0.13.jar:/Users/harrisonpaup/.m2/repository/org/hibernate/orm/hibernate-core/6.1.7.Final/hibernate-core-6.1.7.Final.jar:/Users/harrisonpaup/.m2/repository/jakarta/persistence/jakarta.persistence-api/3.1.0/jakarta.persistence-api-3.1.0.jar:/Users/harrisonpaup/.m2/repository/jakarta/transaction/jakarta.transaction-api/2.0.1/jakarta.transaction-api-2.0.1.jar:/Users/harrisonpaup/.m2/repository/org/hibernate/common/hibernate-commons-annotations/6.0.6.Final/hibernate-commons-annotations-6.0.6.Final.jar:/Users/harrisonpaup/.m2/repository/org/jboss/jandex/2.4.2.Final/jandex-2.4.2.Final.jar:/Users/harrisonpaup/.m2/repository/org/glassfish/jaxb/jaxb-runtime/4.0.3/jaxb-runtime-4.0.3.jar:/Users/harrisonpaup/.m2/repository/org/glassfish/jaxb/jaxb-core/4.0.3/jaxb-core-4.0.3.jar:/Users/harrisonpaup/.m2/repository/org/eclipse/angus/angus-activation/2.0.1/angus-activation-2.0.1.jar:/Users/harrisonpaup/.m2/repository/org/glassfish/jaxb/txw2/4.0.3/txw2-4.0.3.jar:/Users/harrisonpaup/.m2/repository/com/sun/istack/istack-commons-runtime/4.1.2/istack-commons-runtime-4.1.2.jar:/Users/harrisonpaup/.m2/repository/jakarta/inject/jakarta.inject-api/2.0.0/jakarta.inject-api-2.0.0.jar:/Users/harrisonpaup/.m2/repository/org/antlr/antlr4-runtime/4.10.1/antlr4-runtime-4.10.1.jar:/Users/harrisonpaup/.m2/repository/org/springframework/data/spring-data-jpa/3.0.11/spring-data-jpa-3.0.11.jar:/Users/harrisonpaup/.m2/repository/org/springframework/data/spring-data-commons/3.0.11/spring-data-commons-3.0.11.jar:/Users/harrisonpaup/.m2/repository/org/springframework/spring-orm/6.0.13/spring-orm-6.0.13.jar:/Users/harrisonpaup/.m2/repository/org/springframework/spring-tx/6.0.13/spring-tx-6.0.13.jar:/Users/harrisonpaup/.m2/repository/org/springframework/spring-aspects/6.0.13/spring-aspects-6.0.13.jar:/Users/harrisonpaup/.m2/repository/com/googlecode/json-simple/json-simple/1.1.1/json-simple-1.1.1.jar:/Users/harrisonpaup/.m2/repository/junit/junit/4.13.2/junit-4.13.2.jar:/Users/harrisonpaup/.m2/repository/org/hamcrest/hamcrest-core/2.2/hamcrest-core-2.2.jar:/Users/harrisonpaup/.m2/repository/org/springframework/boot/spring-boot-autoconfigure/3.0.12/spring-boot-autoconfigure-3.0.12.jar:/Users/harrisonpaup/.m2/repository/org/springframework/boot/spring-boot/3.0.12/spring-boot-3.0.12.jar:/Users/harrisonpaup/.m2/repository/org/apache/httpcomponents/httpcore/4.4.16/httpcore-4.4.16.jar:/Users/harrisonpaup/.m2/repository/com/networknt/json-schema-validator/1.0.82/json-schema-validator-1.0.82.jar:/Users/harrisonpaup/.m2/repository/com/ethlo/time/itu/1.7.0/itu-1.7.0.jar:/Users/harrisonpaup/.m2/repository/com/fasterxml/jackson/core/jackson-databind/2.14.3/jackson-databind-2.14.3.jar:/Users/harrisonpaup/.m2/repository/com/fasterxml/jackson/core/jackson-annotations/2.14.3/jackson-annotations-2.14.3.jar:/Users/harrisonpaup/.m2/repository/com/fasterxml/jackson/core/jackson-core/2.14.3/jackson-core-2.14.3.jar:/Users/harrisonpaup/.m2/repository/com/fasterxml/jackson/dataformat/jackson-dataformat-yaml/2.14.3/jackson-dataformat-yaml-2.14.3.jar:/Users/harrisonpaup/.m2/repository/org/slf4j/slf4j-api/2.0.9/slf4j-api-2.0.9.jar:"/>
    <property name="sun.cpu.endian" value="little"/>
    <property name="user.home" value="/Users/harrisonpaup"/>
    <property name="user.language" value="en"/>
    <property name="java.specification.vendor" value="Oracle Corporation"/>
    <property name="java.version.date" value="2023-10-17"/>
    <property name="java.home" value="/Users/harrisonpaup/Library/Java/JavaVirtualMachines/openjdk-21.0.1/Contents/Home"/>
    <property name="file.separator" value="/"/>
    <property name="basedir" value="/Users/harrisonpaup/Documents/workspace/weather-project/weatherservice"/>
    <property name="java.vm.compressedOopsMode" value="Zero based"/>
    <property name="line.separator" value="&#10;"/>
    <property name="java.vm.specification.vendor" value="Oracle Corporation"/>
    <property name="java.specification.name" value="Java Platform API Specification"/>
    <property name="apple.awt.application.name" value="ForkedBooter"/>
    <property name="surefire.real.class.path" value="/Users/harrisonpaup/Documents/workspace/weather-project/weatherservice/target/surefire/surefirebooter13267208156703170861.jar"/>
    <property name="sun.management.compiler" value="HotSpot 64-Bit Tiered Compilers"/>
    <property name="ftp.nonProxyHosts" value="local|*.local|169.254/16|*.169.254/16"/>
    <property name="java.runtime.version" value="21.0.1+12-29"/>
    <property name="user.name" value="harrisonpaup"/>
    <property name="stdout.encoding" value="UTF-8"/>
    <property name="path.separator" value=":"/>
    <property name="os.version" value="12.7.1"/>
    <property name="java.runtime.name" value="OpenJDK Runtime Environment"/>
    <property name="file.encoding" value="UTF-8"/>
    <property name="java.vm.name" value="OpenJDK 64-Bit Server VM"/>
    <property name="localRepository" value="/Users/harrisonpaup/.m2/repository"/>
    <property name="java.vendor.url.bug" value="https://bugreport.java.com/bugreport/"/>
    <property name="java.io.tmpdir" value="/var/folders/yx/pdclnmn9357f0tw2vfbhjh9h0000gn/T/"/>
    <property name="java.version" value="21.0.1"/>
    <property name="user.dir" value="/Users/harrisonpaup/Documents/workspace/weather-project/weatherservice"/>
    <property name="os.arch" value="x86_64"/>
    <property name="java.vm.specification.name" value="Java Virtual Machine Specification"/>
    <property name="native.encoding" value="UTF-8"/>
    <property name="java.library.path" value="/Users/harrisonpaup/Library/Java/Extensions:/Library/Java/Extensions:/Network/Library/Java/Extensions:/System/Library/Java/Extensions:/usr/lib/java:."/>
    <property name="java.vm.info" value="mixed mode, sharing"/>
    <property name="stderr.encoding" value="UTF-8"/>
    <property name="java.vendor" value="Oracle Corporation"/>
    <property name="java.vm.version" value="21.0.1+12-29"/>
    <property name="sun.io.unicode.encoding" value="UnicodeBig"/>
    <property name="socksNonProxyHosts" value="local|*.local|169.254/16|*.169.254/16"/>
    <property name="java.class.version" value="65.0"/>
  </properties>
  <testcase name="shouldReturnString" classname="com.liveintent.weather.weatherservice.WeatherserviceApplicationTests" time="0.125">
    <error message="java.lang.NullPointerException: Cannot invoke &quot;Object.getClass()&quot; because &quot;o&quot; is null" type="java.lang.IllegalArgumentException">java.lang.IllegalArgumentException: java.lang.NullPointerException: Cannot invoke "Object.getClass()" because "o" is null
	at com.liveintent.weather.weatherservice.WeatherserviceApplicationTests.shouldReturnString(WeatherserviceApplicationTests.java:52)
</error>
    <system-out><![CDATA[12:16:25.020 [main] DEBUG org.springframework.boot.test.context.SpringBootTestContextBootstrapper -- Neither @ContextConfiguration nor @ContextHierarchy found for test class [WeatherserviceApplicationTests]: using SpringBootContextLoader
12:16:25.034 [main] DEBUG org.springframework.test.context.support.AbstractContextLoader -- Could not detect default resource locations for test class [com.liveintent.weather.weatherservice.WeatherserviceApplicationTests]: no resource found for suffixes {-context.xml, Context.groovy}.
12:16:25.037 [main] INFO org.springframework.test.context.support.AnnotationConfigContextLoaderUtils -- Could not detect default configuration classes for test class [com.liveintent.weather.weatherservice.WeatherserviceApplicationTests]: WeatherserviceApplicationTests does not declare any static, non-private, non-final, nested classes annotated with @Configuration.
12:16:25.274 [main] DEBUG org.springframework.boot.test.context.SpringBootTestContextBootstrapper -- Using ContextCustomizers for test class [WeatherserviceApplicationTests]: [ImportsContextCustomizer, ExcludeFilterContextCustomizer, DuplicateJsonObjectContextCustomizer, MockitoContextCustomizer, TestRestTemplateContextCustomizer, DisableObservabilityContextCustomizer, PropertyMappingContextCustomizer, WebDriverContextCustomizer]
12:16:25.571 [main] DEBUG org.springframework.context.annotation.ClassPathScanningCandidateComponentProvider -- Identified candidate component class: file [/Users/harrisonpaup/Documents/workspace/weather-project/weatherservice/target/classes/com/liveintent/weather/weatherservice/WeatherserviceApplication.class]
12:16:25.573 [main] INFO org.springframework.boot.test.context.SpringBootTestContextBootstrapper -- Found @SpringBootConfiguration com.liveintent.weather.weatherservice.WeatherserviceApplication for test class com.liveintent.weather.weatherservice.WeatherserviceApplicationTests
12:16:26.091 [main] DEBUG org.springframework.test.context.util.TestContextSpringFactoriesUtils -- Skipping candidate TestExecutionListener [org.springframework.test.context.observation.MicrometerObservationRegistryTestExecutionListener] due to a missing dependency. Specify custom TestExecutionListener classes or make the default TestExecutionListener classes and their required dependencies available. Offending class: io.micrometer.context.ThreadLocalAccessor. MicrometerObservationRegistryTestExecutionListener requires io.micrometer:micrometer-observation:1.10.8 or higher and io.micrometer:context-propagation:1.0.3 or higher.
12:16:26.161 [main] DEBUG org.springframework.boot.test.context.SpringBootTestContextBootstrapper -- Using TestExecutionListeners for test class [WeatherserviceApplicationTests]: [ServletTestExecutionListener, DirtiesContextBeforeModesTestExecutionListener, ApplicationEventsTestExecutionListener, MockitoTestExecutionListener, DependencyInjectionTestExecutionListener, DirtiesContextTestExecutionListener, TransactionalTestExecutionListener, SqlScriptsTestExecutionListener, EventPublishingTestExecutionListener, ResetMocksTestExecutionListener, RestDocsTestExecutionListener, MockRestServiceServerResetTestExecutionListener, MockMvcPrintOnlyOnFailureTestExecutionListener, WebDriverTestExecutionListener, MockWebServiceServerTestExecutionListener]
12:16:26.167 [main] DEBUG org.springframework.test.context.support.DirtiesContextBeforeModesTestExecutionListener -- Before test class: class [WeatherserviceApplicationTests], class annotated with @DirtiesContext [false] with mode [null]

  .   ____          _            __ _ _
 /\\ / ___'_ __ _ _(_)_ __  __ _ \ \ \ \
( ( )\___ | '_ | '_| | '_ \/ _` | \ \ \ \
 \\/  ___)| |_)| | | | | || (_| |  ) ) ) )
  '  |____| .__|_| |_|_| |_\__, | / / / /
 =========|_|==============|___/=/_/_/_/
 :: Spring Boot ::               (v3.0.12)

2023-11-18T12:16:27.379-05:00  INFO 7070 --- [           main] c.l.w.w.WeatherserviceApplicationTests   : Starting WeatherserviceApplicationTests using Java 21.0.1 with PID 7070 (started by harrisonpaup in /Users/harrisonpaup/Documents/workspace/weather-project/weatherservice)
2023-11-18T12:16:27.381-05:00  INFO 7070 --- [           main] c.l.w.w.WeatherserviceApplicationTests   : No active profile set, falling back to 1 default profile: "default"
2023-11-18T12:16:30.168-05:00  INFO 7070 --- [           main] .s.d.r.c.RepositoryConfigurationDelegate : Bootstrapping Spring Data JPA repositories in DEFAULT mode.
2023-11-18T12:16:30.266-05:00  INFO 7070 --- [           main] .s.d.r.c.RepositoryConfigurationDelegate : Finished Spring Data repository scanning in 46 ms. Found 0 JPA repository interfaces.
2023-11-18T12:16:33.487-05:00  INFO 7070 --- [           main] com.zaxxer.hikari.HikariDataSource       : HikariPool-1 - Starting...
2023-11-18T12:16:34.402-05:00  INFO 7070 --- [           main] com.zaxxer.hikari.pool.HikariPool        : HikariPool-1 - Added connection conn0: url=jdbc:h2:mem:bd67f8bc-066a-4ce2-bde5-26cfc6c3e972 user=SA
2023-11-18T12:16:34.406-05:00  INFO 7070 --- [           main] com.zaxxer.hikari.HikariDataSource       : HikariPool-1 - Start completed.
2023-11-18T12:16:34.594-05:00  INFO 7070 --- [           main] o.hibernate.jpa.internal.util.LogHelper  : HHH000204: Processing PersistenceUnitInfo [name: default]
2023-11-18T12:16:34.936-05:00  INFO 7070 --- [           main] org.hibernate.Version                    : HHH000412: Hibernate ORM core version 6.1.7.Final
2023-11-18T12:16:35.934-05:00  INFO 7070 --- [           main] SQL dialect                              : HHH000400: Using dialect: org.hibernate.dialect.H2Dialect
2023-11-18T12:16:37.430-05:00  INFO 7070 --- [           main] o.h.e.t.j.p.i.JtaPlatformInitiator       : HHH000490: Using JtaPlatform implementation: [org.hibernate.engine.transaction.jta.platform.internal.NoJtaPlatform]
2023-11-18T12:16:37.543-05:00  INFO 7070 --- [           main] j.LocalContainerEntityManagerFactoryBean : Initialized JPA EntityManagerFactory for persistence unit 'default'
2023-11-18T12:16:39.327-05:00  WARN 7070 --- [           main] JpaBaseConfiguration$JpaWebConfiguration : spring.jpa.open-in-view is enabled by default. Therefore, database queries may be performed during view rendering. Explicitly configure spring.jpa.open-in-view to disable this warning
2023-11-18T12:16:40.671-05:00  INFO 7070 --- [           main] o.s.b.t.m.w.SpringBootMockServletContext : Initializing Spring TestDispatcherServlet ''
2023-11-18T12:16:40.671-05:00  INFO 7070 --- [           main] o.s.t.web.servlet.TestDispatcherServlet  : Initializing Servlet ''
2023-11-18T12:16:40.675-05:00  INFO 7070 --- [           main] o.s.t.web.servlet.TestDispatcherServlet  : Completed initialization in 2 ms
2023-11-18T12:16:40.727-05:00  INFO 7070 --- [           main] c.l.w.w.WeatherserviceApplicationTests   : Started WeatherserviceApplicationTests in 14.314 seconds (process running for 18.863)
]]></system-out>
  </testcase>
  <testcase name="shouldReturnHumidityInMessage" classname="com.liveintent.weather.weatherservice.WeatherserviceApplicationTests" time="0.554">
    <failure message="Status expected:&lt;200&gt; but was:&lt;204&gt;" type="java.lang.AssertionError"><![CDATA[java.lang.AssertionError: Status expected:<200> but was:<204>
	at com.liveintent.weather.weatherservice.WeatherserviceApplicationTests.shouldReturnHumidityInMessage(WeatherserviceApplicationTests.java:46)
]]></failure>
    <system-out><![CDATA[
MockHttpServletRequest:
      HTTP Method = GET
      Request URI = /api/forecast
       Parameters = {units=[I], city=[miami]}
          Headers = []
             Body = null
    Session Attrs = {}

Handler:
             Type = com.liveintent.weather.weatherservice.web.WeatherController
           Method = com.liveintent.weather.weatherservice.web.WeatherController#getFiveDayForecastByCityOrCoordinates(Map)

Async:
    Async started = false
     Async result = null

Resolved Exception:
             Type = null

ModelAndView:
        View name = null
             View = null
            Model = null

FlashMap:
       Attributes = null

MockHttpServletResponse:
           Status = 204
    Error message = null
          Headers = []
     Content type = null
             Body = 
    Forwarded URL = null
   Redirected URL = null
          Cookies = []

MockHttpServletRequest:
      HTTP Method = GET
      Request URI = /api/forecast
       Parameters = {units=[I], city=[miami]}
          Headers = []
             Body = null
    Session Attrs = {}

Handler:
             Type = com.liveintent.weather.weatherservice.web.WeatherController
           Method = com.liveintent.weather.weatherservice.web.WeatherController#getFiveDayForecastByCityOrCoordinates(Map)

Async:
    Async started = false
     Async result = null

Resolved Exception:
             Type = null

ModelAndView:
        View name = null
             View = null
            Model = null

FlashMap:
       Attributes = null

MockHttpServletResponse:
           Status = 204
    Error message = null
          Headers = []
     Content type = null
             Body = 
    Forwarded URL = null
   Redirected URL = null
          Cookies = []
]]></system-out>
  </testcase>
  <testcase name="contextLoads" classname="com.liveintent.weather.weatherservice.WeatherserviceApplicationTests" time="0.334"/>
</testsuite>